# JRE version: OpenJDK Runtime Environment Zulu17.30+15-CA (17.0.1+12) (build 17.0.1+12-LTS)
# Java VM: OpenJDK 64-Bit Server VM Zulu17.30+15-CA (17.0.1+12-LTS, mixed mode, tiered, compressed oops, compressed class ptrs, g1 gc, windows-amd64)
GC Precious Log:
 CPUs: 4 total, 4 available
 Memory: 3879M
 Large Page Support: Disabled
 NUMA Support: Disabled
 Compressed Oops: Enabled (32-bit)
 Heap Region Size: 1M
 Heap Min Capacity: 8M
 Heap Initial Capacity: 62M
 Heap Max Capacity: 970M
 Pre-touch: Disabled
 Parallel Workers: 4
 Concurrent Workers: 1
 Concurrent Refinement Workers: 4
 Periodic GC: Disabled
Heap:
 garbage-first heap   total 73728K, used 48106K [0x00000000c3600000, 0x0000000100000000)
  region size 1024K, 24 young (24576K), 4 survivors (4096K)
 Metaspace       used 27710K, committed 28096K, reserved 1081344K
  class space    used 2663K, committed 2816K, reserved 1048576K
GC Heap History (20 events):
Event: 0.533 GC heap before
{Heap before GC invocations=0 (full 0):
 garbage-first heap   total 63488K, used 12288K [0x00000000c3600000, 0x0000000100000000)
  region size 1024K, 13 young (13312K), 0 survivors (0K)
 Metaspace       used 10582K, committed 10752K, reserved 1064960K
  class space    used 936K, committed 1024K, reserved 1048576K
}
Event: 0.537 GC heap after
{Heap after GC invocations=1 (full 0):
 garbage-first heap   total 63488K, used 2464K [0x00000000c3600000, 0x0000000100000000)
  region size 1024K, 2 young (2048K), 2 survivors (2048K)
 Metaspace       used 10582K, committed 10752K, reserved 1064960K
  class space    used 936K, committed 1024K, reserved 1048576K
}
Event: 0.709 GC heap before
{Heap before GC invocations=1 (full 0):
 garbage-first heap   total 63488K, used 18848K [0x00000000c3600000, 0x0000000100000000)
  region size 1024K, 18 young (18432K), 2 survivors (2048K)
 Metaspace       used 10669K, committed 10816K, reserved 1064960K
  class space    used 936K, committed 1024K, reserved 1048576K
}
Event: 0.712 GC heap after
{Heap after GC invocations=2 (full 0):
 garbage-first heap   total 63488K, used 2746K [0x00000000c3600000, 0x0000000100000000)
  region size 1024K, 1 young (1024K), 1 survivors (1024K)
 Metaspace       used 10669K, committed 10816K, reserved 1064960K
  class space    used 936K, committed 1024K, reserved 1048576K
}
Event: 1.232 GC heap before
{Heap before GC invocations=2 (full 0):
 garbage-first heap   total 63488K, used 39610K [0x00000000c3600000, 0x0000000100000000)
  region size 1024K, 37 young (37888K), 1 survivors (1024K)
 Metaspace       used 13678K, committed 13824K, reserved 1064960K
  class space    used 1217K, committed 1280K, reserved 1048576K
}
Event: 1.252 GC heap after
{Heap after GC invocations=3 (full 0):
 garbage-first heap   total 63488K, used 12425K [0x00000000c3600000, 0x0000000100000000)
  region size 1024K, 5 young (5120K), 5 survivors (5120K)
 Metaspace       used 13678K, committed 13824K, reserved 1064960K
  class space    used 1217K, committed 1280K, reserved 1048576K
}
Event: 1.575 GC heap before
{Heap before GC invocations=3 (full 0):
 garbage-first heap   total 63488K, used 21641K [0x00000000c3600000, 0x0000000100000000)
  region size 1024K, 14 young (14336K), 5 survivors (5120K)
 Metaspace       used 15087K, committed 15296K, reserved 1064960K
  class space    used 1360K, committed 1472K, reserved 1048576K
}
Event: 1.582 GC heap after
{Heap after GC invocations=4 (full 0):
 garbage-first heap   total 63488K, used 14646K [0x00000000c3600000, 0x0000000100000000)
  region size 1024K, 2 young (2048K), 2 survivors (2048K)
 Metaspace       used 15087K, committed 15296K, reserved 1064960K
  class space    used 1360K, committed 1472K, reserved 1048576K
}
Event: 2.420 GC heap before
{Heap before GC invocations=4 (full 0):
 garbage-first heap   total 63488K, used 35126K [0x00000000c3600000, 0x0000000100000000)
  region size 1024K, 23 young (23552K), 2 survivors (2048K)
 Metaspace       used 18231K, committed 18496K, reserved 1073152K
  class space    used 1701K, committed 1792K, reserved 1048576K
}
Event: 2.426 GC heap after
{Heap after GC invocations=5 (full 0):
 garbage-first heap   total 63488K, used 15988K [0x00000000c3600000, 0x0000000100000000)
  region size 1024K, 3 young (3072K), 3 survivors (3072K)
 Metaspace       used 18231K, committed 18496K, reserved 1073152K
  class space    used 1701K, committed 1792K, reserved 1048576K
}
Event: 2.866 GC heap before
{Heap before GC invocations=5 (full 0):
 garbage-first heap   total 63488K, used 23156K [0x00000000c3600000, 0x0000000100000000)
  region size 1024K, 12 young (12288K), 3 survivors (3072K)
 Metaspace       used 21238K, committed 21504K, reserved 1073152K
  class space    used 1977K, committed 2112K, reserved 1048576K
}
Event: 2.870 GC heap after
{Heap after GC invocations=6 (full 0):
 garbage-first heap   total 63488K, used 16996K [0x00000000c3600000, 0x0000000100000000)
  region size 1024K, 3 young (3072K), 3 survivors (3072K)
 Metaspace       used 21238K, committed 21504K, reserved 1073152K
  class space    used 1977K, committed 2112K, reserved 1048576K
}
Event: 3.492 GC heap before
{Heap before GC invocations=7 (full 0):
 garbage-first heap   total 61440K, used 39524K [0x00000000c3600000, 0x0000000100000000)
  region size 1024K, 26 young (26624K), 3 survivors (3072K)
 Metaspace       used 26221K, committed 26624K, reserved 1073152K
  class space    used 2522K, committed 2688K, reserved 1048576K
}
Event: 3.498 GC heap after
{Heap after GC invocations=8 (full 0):
 garbage-first heap   total 61440K, used 20526K [0x00000000c3600000, 0x0000000100000000)
  region size 1024K, 4 young (4096K), 4 survivors (4096K)
 Metaspace       used 26221K, committed 26624K, reserved 1073152K
  class space    used 2522K, committed 2688K, reserved 1048576K
}
Event: 3.609 GC heap before
{Heap before GC invocations=8 (full 0):
 garbage-first heap   total 61440K, used 39982K [0x00000000c3600000, 0x0000000100000000)
  region size 1024K, 24 young (24576K), 4 survivors (4096K)
 Metaspace       used 26255K, committed 26624K, reserved 1073152K
  class space    used 2522K, committed 2688K, reserved 1048576K
}
Event: 3.616 GC heap after
{Heap after GC invocations=9 (full 0):
 garbage-first heap   total 73728K, used 25499K [0x00000000c3600000, 0x0000000100000000)
  region size 1024K, 3 young (3072K), 3 survivors (3072K)
 Metaspace       used 26255K, committed 26624K, reserved 1073152K
  class space    used 2522K, committed 2688K, reserved 1048576K
}
Event: 4.668 GC heap before
{Heap before GC invocations=9 (full 0):
 garbage-first heap   total 73728K, used 51099K [0x00000000c3600000, 0x0000000100000000)
  region size 1024K, 27 young (27648K), 3 survivors (3072K)
 Metaspace       used 26388K, committed 26752K, reserved 1073152K
  class space    used 2522K, committed 2688K, reserved 1048576K
}
Event: 4.674 GC heap after
{Heap after GC invocations=10 (full 0):
 garbage-first heap   total 73728K, used 25603K [0x00000000c3600000, 0x0000000100000000)
  region size 1024K, 3 young (3072K), 3 survivors (3072K)
 Metaspace       used 26388K, committed 26752K, reserved 1073152K
  class space    used 2522K, committed 2688K, reserved 1048576K
}
Event: 5.220 GC heap before
{Heap before GC invocations=10 (full 0):
 garbage-first heap   total 73728K, used 50179K [0x00000000c3600000, 0x0000000100000000)
  region size 1024K, 28 young (28672K), 3 survivors (3072K)
 Metaspace       used 26418K, committed 26752K, reserved 1073152K
  class space    used 2523K, committed 2688K, reserved 1048576K
}
Event: 5.224 GC heap after
{Heap after GC invocations=11 (full 0):
 garbage-first heap   total 73728K, used 28650K [0x00000000c3600000, 0x0000000100000000)
  region size 1024K, 4 young (4096K), 4 survivors (4096K)
 Metaspace       used 26418K, committed 26752K, reserved 1073152K
  class space    used 2523K, committed 2688K, reserved 1048576K
}

