# JRE version: OpenJDK Runtime Environment Zulu17.30+15-CA (17.0.1+12) (build 17.0.1+12-LTS)
# Java VM: OpenJDK 64-Bit Server VM Zulu17.30+15-CA (17.0.1+12-LTS, mixed mode, tiered, compressed oops, compressed class ptrs, g1 gc, windows-amd64)
GC Precious Log:
 CPUs: 4 total, 4 available
 Memory: 3879M
 Large Page Support: Disabled
 NUMA Support: Disabled
 Compressed Oops: Enabled (32-bit)
 Heap Region Size: 1M
 Heap Min Capacity: 8M
 Heap Initial Capacity: 62M
 Heap Max Capacity: 970M
 Pre-touch: Disabled
 Parallel Workers: 4
 Concurrent Workers: 1
 Concurrent Refinement Workers: 4
 Periodic GC: Disabled
Heap:
 garbage-first heap   total 78848K, used 39206K [0x00000000c3600000, 0x0000000100000000)
  region size 1024K, 1 young (1024K), 1 survivors (1024K)
 Metaspace       used 56324K, committed 57472K, reserved 1105920K
  class space    used 5794K, committed 6336K, reserved 1048576K
GC Heap History (20 events):
Event: 4.411 GC heap after
{Heap after GC invocations=13 (full 0):
 garbage-first heap   total 75776K, used 26124K [0x00000000c3600000, 0x0000000100000000)
  region size 1024K, 2 young (2048K), 2 survivors (2048K)
 Metaspace       used 27654K, committed 28032K, reserved 1081344K
  class space    used 2659K, committed 2816K, reserved 1048576K
}
Event: 5.098 GC heap before
{Heap before GC invocations=13 (full 0):
 garbage-first heap   total 75776K, used 52748K [0x00000000c3600000, 0x0000000100000000)
  region size 1024K, 29 young (29696K), 2 survivors (2048K)
 Metaspace       used 31725K, committed 32384K, reserved 1081344K
  class space    used 3052K, committed 3328K, reserved 1048576K
}
Event: 5.101 GC heap after
{Heap after GC invocations=14 (full 0):
 garbage-first heap   total 75776K, used 27533K [0x00000000c3600000, 0x0000000100000000)
  region size 1024K, 3 young (3072K), 3 survivors (3072K)
 Metaspace       used 31725K, committed 32384K, reserved 1081344K
  class space    used 3052K, committed 3328K, reserved 1048576K
}
Event: 5.787 GC heap before
{Heap before GC invocations=14 (full 0):
 garbage-first heap   total 75776K, used 55181K [0x00000000c3600000, 0x0000000100000000)
  region size 1024K, 30 young (30720K), 3 survivors (3072K)
 Metaspace       used 37518K, committed 38464K, reserved 1089536K
  class space    used 3833K, committed 4224K, reserved 1048576K
}
Event: 5.793 GC heap after
{Heap after GC invocations=15 (full 0):
 garbage-first heap   total 75776K, used 31695K [0x00000000c3600000, 0x0000000100000000)
  region size 1024K, 4 young (4096K), 4 survivors (4096K)
 Metaspace       used 37518K, committed 38464K, reserved 1089536K
  class space    used 3833K, committed 4224K, reserved 1048576K
}
Event: 6.214 GC heap before
{Heap before GC invocations=15 (full 0):
 garbage-first heap   total 75776K, used 50127K [0x00000000c3600000, 0x0000000100000000)
  region size 1024K, 24 young (24576K), 4 survivors (4096K)
 Metaspace       used 43338K, committed 44160K, reserved 1089536K
  class space    used 4393K, committed 4736K, reserved 1048576K
}
Event: 6.221 GC heap after
{Heap after GC invocations=16 (full 0):
 garbage-first heap   total 75776K, used 34053K [0x00000000c3600000, 0x0000000100000000)
  region size 1024K, 4 young (4096K), 4 survivors (4096K)
 Metaspace       used 43338K, committed 44160K, reserved 1089536K
  class space    used 4393K, committed 4736K, reserved 1048576K
}
Event: 7.410 GC heap before
{Heap before GC invocations=17 (full 0):
 garbage-first heap   total 75776K, used 54533K [0x00000000c3600000, 0x0000000100000000)
  region size 1024K, 25 young (25600K), 4 survivors (4096K)
 Metaspace       used 50168K, committed 51200K, reserved 1097728K
  class space    used 5220K, committed 5632K, reserved 1048576K
}
Event: 7.415 GC heap after
{Heap after GC invocations=18 (full 0):
 garbage-first heap   total 75776K, used 35864K [0x00000000c3600000, 0x0000000100000000)
  region size 1024K, 2 young (2048K), 2 survivors (2048K)
 Metaspace       used 50168K, committed 51200K, reserved 1097728K
  class space    used 5220K, committed 5632K, reserved 1048576K
}
Event: 7.446 GC heap before
{Heap before GC invocations=18 (full 0):
 garbage-first heap   total 75776K, used 36888K [0x00000000c3600000, 0x0000000100000000)
  region size 1024K, 3 young (3072K), 2 survivors (2048K)
 Metaspace       used 50374K, committed 51328K, reserved 1097728K
  class space    used 5248K, committed 5632K, reserved 1048576K
}
Event: 7.448 GC heap after
{Heap after GC invocations=19 (full 0):
 garbage-first heap   total 75776K, used 35400K [0x00000000c3600000, 0x0000000100000000)
  region size 1024K, 1 young (1024K), 1 survivors (1024K)
 Metaspace       used 50374K, committed 51328K, reserved 1097728K
  class space    used 5248K, committed 5632K, reserved 1048576K
}
Event: 8.678 GC heap before
{Heap before GC invocations=19 (full 0):
 garbage-first heap   total 75776K, used 56904K [0x00000000c3600000, 0x0000000100000000)
  region size 1024K, 22 young (22528K), 1 survivors (1024K)
 Metaspace       used 54386K, committed 55360K, reserved 1105920K
  class space    used 5666K, committed 6080K, reserved 1048576K
}
Event: 8.684 GC heap after
{Heap after GC invocations=20 (full 0):
 garbage-first heap   total 75776K, used 38095K [0x00000000c3600000, 0x0000000100000000)
  region size 1024K, 3 young (3072K), 3 survivors (3072K)
 Metaspace       used 54386K, committed 55360K, reserved 1105920K
  class space    used 5666K, committed 6080K, reserved 1048576K
}
Event: 8.971 GC heap before
{Heap before GC invocations=21 (full 0):
 garbage-first heap   total 75776K, used 57551K [0x00000000c3600000, 0x0000000100000000)
  region size 1024K, 22 young (22528K), 3 survivors (3072K)
 Metaspace       used 55360K, committed 56448K, reserved 1105920K
  class space    used 5737K, committed 6208K, reserved 1048576K
}
Event: 8.974 GC heap after
{Heap after GC invocations=22 (full 0):
 garbage-first heap   total 75776K, used 39103K [0x00000000c3600000, 0x0000000100000000)
  region size 1024K, 2 young (2048K), 2 survivors (2048K)
 Metaspace       used 55360K, committed 56448K, reserved 1105920K
  class space    used 5737K, committed 6208K, reserved 1048576K
}
Event: 9.180 GC heap before
{Heap before GC invocations=22 (full 0):
 garbage-first heap   total 75776K, used 58559K [0x00000000c3600000, 0x0000000100000000)
  region size 1024K, 21 young (21504K), 2 survivors (2048K)
 Metaspace       used 55977K, committed 57088K, reserved 1105920K
  class space    used 5768K, committed 6272K, reserved 1048576K
}
Event: 9.181 GC heap after
{Heap after GC invocations=23 (full 0):
 garbage-first heap   total 75776K, used 39070K [0x00000000c3600000, 0x0000000100000000)
  region size 1024K, 2 young (2048K), 2 survivors (2048K)
 Metaspace       used 55977K, committed 57088K, reserved 1105920K
  class space    used 5768K, committed 6272K, reserved 1048576K
}
Event: 9.351 GC heap before
{Heap before GC invocations=24 (full 0):
 garbage-first heap   total 78848K, used 59550K [0x00000000c3600000, 0x0000000100000000)
  region size 1024K, 22 young (22528K), 2 survivors (2048K)
 Metaspace       used 56312K, committed 57472K, reserved 1105920K
  class space    used 5794K, committed 6336K, reserved 1048576K
}
Event: 9.353 GC heap after
{Heap after GC invocations=25 (full 0):
 garbage-first heap   total 78848K, used 39192K [0x00000000c3600000, 0x0000000100000000)
  region size 1024K, 2 young (2048K), 2 survivors (2048K)
 Metaspace       used 56312K, committed 57472K, reserved 1105920K
  class space    used 5794K, committed 6336K, reserved 1048576K
}
Event: 9.363 GC heap before
{Heap before GC invocations=25 (full 0):
 garbage-first heap   total 78848K, used 40216K [0x00000000c3600000, 0x0000000100000000)
  region size 1024K, 3 young (3072K), 2 survivors (2048K)
 Metaspace       used 56324K, committed 57472K, reserved 1105920K
  class space    used 5794K, committed 6336K, reserved 1048576K
}

